#
# There is insufficient memory for the Java Runtime Environment to continue.
# Native memory allocation (malloc) failed to allocate 32744 bytes for ChunkPool::allocate
# Possible reasons:
#   The system is out of physical RAM or swap space
#   The process is running with CompressedOops enabled, and the Java Heap may be blocking the growth of the native heap
# Possible solutions:
#   Reduce memory load on the system
#   Increase physical memory or swap space
#   Check if swap backing store is full
#   Decrease Java heap size (-Xmx/-Xms)
#   Decrease number of Java threads
#   Decrease Java thread stack sizes (-Xss)
#   Set larger code cache with -XX:ReservedCodeCacheSize=
#   JVM is running with Zero Based Compressed Oops mode in which the Java heap is
#     placed in the first 32GB address space. The Java Heap base address is the
#     maximum limit for the native heap growth. Please use -XX:HeapBaseMinAddress
#     to set the Java Heap base and to place the Java Heap above 32GB virtual address.
# This output file may be truncated or incomplete.
#
#  Out of Memory Error (allocation.cpp:272), pid=17056, tid=0x0000000000004348
#
# JRE version: Java(TM) SE Runtime Environment (8.0_221-b11) (build 1.8.0_221-b11)
# Java VM: Java HotSpot(TM) 64-Bit Server VM (25.221-b11 mixed mode windows-amd64 compressed oops)
# Failed to write core dump. Minidumps are not enabled by default on client versions of Windows
#

---------------  T H R E A D  ---------------

Current thread (0x000000001cc3c000):  JavaThread "C2 CompilerThread0" daemon [_thread_in_native, id=17224, stack(0x000000001e5f0000,0x000000001e6f0000)]

Stack: [0x000000001e5f0000,0x000000001e6f0000]
[error occurred during error reporting (printing stack bounds), id 0xc0000005]

Native frames: (J=compiled Java code, j=interpreted, Vv=VM code, C=native code)


Current CompileTask:
C2:  17732 2513   !   4       org.eclipse.persistence.internal.sessions.UnitOfWorkImpl::
[error occurred during error reporting (printing current compile task), id 0xe0000001]


---------------  P R O C E S S  ---------------

Java Threads: ( => current thread )
  0x000000001e07e800 JavaThread "Service Thread" daemon [_thread_blocked, id=9100, stack(0x000000001e8f0000,0x000000001e9f0000)]
  0x000000001e039800 JavaThread "C1 CompilerThread2" daemon [_thread_blocked, id=9008, stack(0x000000001e7f0000,0x000000001e8f0000)]
  0x000000001dff9000 JavaThread "C2 CompilerThread1" daemon [_thread_in_native, id=18500, stack(0x000000001e6f0000,0x000000001e7f0000)]
=>0x000000001cc3c000 JavaThread "C2 CompilerThread0" daemon [_thread_in_native, id=17224, stack(0x000000001e5f0000,0x000000001e6f0000)]
  0x000000001cc3b000 JavaThread "Attach Listener" daemon [_thread_blocked, id=16824, stack(0x000000001e4f0000,0x000000001e5f0000)]
  0x000000001dff8800 JavaThread "Signal Dispatcher" daemon [_thread_blocked, id=11560, stack(0x000000001e3f0000,0x000000001e4f0000)]
  0x00000000034ab000 JavaThread "Finalizer" daemon [_thread_blocked, id=8132, stack(0x000000001de80000,0x000000001df80000)]
  0x00000000034a2000 JavaThread "Reference Handler" daemon [_thread_blocked, id=10560, stack(0x000000001dd80000,0x000000001de80000)]
  0x000000000305e800 JavaThread "main" [_thread_in_Java, id=2488, stack(0x0000000002f40000,0x0000000003040000)]

Other Threads:
  0x000000001cba7800 VMThread [stack: 0x000000001dc80000,0x000000001dd80000] [id=19140]
  0x000000001e081000 WatcherThread [stack: 0x000000001e9f0000,0x000000001eaf0000] [id=17808]

VM state:not at safepoint (normal execution)

VM Mutex/Monitor currently owned by a thread: None

heap address: 0x00000006c0000000, size: 4096 MB, Compressed Oops mode: Zero based, Oop shift amount: 3
Narrow klass base: 0x0000000000000000, Narrow klass shift: 3
Compressed class space size: 1073741824 Address: 0x00000007c0000000

Heap:
 PSYoungGen      total 130560K, used 45497K [0x000000076ab00000, 0x0000000776b80000, 0x00000007c0000000)
  eden space 88576K, 3% used [0x000000076ab00000,0x000000076ae731e0,0x0000000770180000)
  from space 41984K, 99% used [0x0000000773400000,0x0000000775cfb5e8,0x0000000775d00000)
  to   space 51712K, 0% used [0x0000000770180000,0x0000000770180000,0x0000000773400000)
 ParOldGen       total 174592K, used 63598K [0x00000006c0000000, 0x00000006caa80000, 0x000000076ab00000)
  object space 174592K, 36% used [0x00000006c0000000,0x00000006c3e1b890,0x00000006caa80000)
 Metaspace       used 22566K, capacity 22820K, committed 22960K, reserved 1069056K
  class space    used 2608K, capacity 2696K, committed 2736K, reserved 1048576K

Card table byte_map: [0x0000000012880000,0x0000000013090000] byte_map_base: 0x000000000f280000

Marking Bits: (ParMarkBitMap*) 0x0000000056865ce0
 Begin Bits: [0x00000000139f0000, 0x00000000179f0000)
 End Bits:   [0x00000000179f0000, 0x000000001b9f0000)

Polling page: 0x0000000001440000

CodeCache: size=245760Kb used=8345Kb max_used=8345Kb free=237414Kb
 bounds [0x00000000034c0000, 0x0000000003cf0000, 0x00000000124c0000]
 total_blobs=2929 nmethods=2513 adapters=328
 compilation: enabled

Compilation events (10 events):
Event: 17.702 Thread 0x000000001cc3c000 nmethod 2510 0x0000000003cd6250 code [0x0000000003cd63a0, 0x0000000003cd64d8]
Event: 17.702 Thread 0x000000001cc3c000 2511       4       org.eclipse.persistence.internal.helper.linkedlist.ExposedNodeLinkedList::addAfter (42 bytes)
Event: 17.704 Thread 0x000000001e039800 2517 %     3       java.util.IdentityHashMap::resize @ 58 (153 bytes)
Event: 17.704 Thread 0x000000001cc3c000 nmethod 2511 0x0000000003cdb090 code [0x0000000003cdb1e0, 0x0000000003cdb338]
Event: 17.704 Thread 0x000000001cc3c000 2512       4       org.eclipse.persistence.descriptors.CachePolicy::indexObjectInCache (149 bytes)
Event: 17.705 Thread 0x000000001cc3c000 nmethod 2512 0x0000000003cdad90 code [0x0000000003cdaec0, 0x0000000003cdaf58]
Event: 17.705 Thread 0x000000001cc3c000 2513   !   4       org.eclipse.persistence.internal.sessions.UnitOfWorkImpl::cloneAndRegisterObject (479 bytes)
Event: 17.705 Thread 0x000000001e039800 nmethod 2517% 0x0000000003ce4c50 code [0x0000000003ce4e60, 0x0000000003ce5bd8]
Event: 17.706 Thread 0x000000001e039800 2518       3       java.util.IdentityHashMap::resize (153 bytes)
Event: 17.707 Thread 0x000000001e039800 nmethod 2518 0x0000000003cd7ad0 code [0x0000000003cd7cc0, 0x0000000003cd8938]

GC Heap History (10 events):
Event: 9.194 GC heap before
{Heap before GC invocations=4 (full 1):
 PSYoungGen      total 38400K, used 5112K [0x000000076ab00000, 0x000000076f600000, 0x00000007c0000000)
  eden space 33280K, 0% used [0x000000076ab00000,0x000000076ab00000,0x000000076cb80000)
  from space 5120K, 99% used [0x000000076cb80000,0x000000076d07e070,0x000000076d080000)
  to   space 5120K, 0% used [0x000000076f100000,0x000000076f100000,0x000000076f600000)
 ParOldGen       total 87552K, used 9044K [0x00000006c0000000, 0x00000006c5580000, 0x000000076ab00000)
  object space 87552K, 10% used [0x00000006c0000000,0x00000006c08d5100,0x00000006c5580000)
 Metaspace       used 21012K, capacity 21214K, committed 21296K, reserved 1069056K
  class space    used 2471K, capacity 2567K, committed 2608K, reserved 1048576K
Event: 9.264 GC heap after
Heap after GC invocations=4 (full 1):
 PSYoungGen      total 38400K, used 0K [0x000000076ab00000, 0x000000076f600000, 0x00000007c0000000)
  eden space 33280K, 0% used [0x000000076ab00000,0x000000076ab00000,0x000000076cb80000)
  from space 5120K, 0% used [0x000000076cb80000,0x000000076cb80000,0x000000076d080000)
  to   space 5120K, 0% used [0x000000076f100000,0x000000076f100000,0x000000076f600000)
 ParOldGen       total 56832K, used 6792K [0x00000006c0000000, 0x00000006c3780000, 0x000000076ab00000)
  object space 56832K, 11% used [0x00000006c0000000,0x00000006c06a2320,0x00000006c3780000)
 Metaspace       used 21012K, capacity 21214K, committed 21296K, reserved 1069056K
  class space    used 2471K, capacity 2567K, committed 2608K, reserved 1048576K
}
Event: 13.638 GC heap before
{Heap before GC invocations=5 (full 1):
 PSYoungGen      total 38400K, used 33280K [0x000000076ab00000, 0x000000076f600000, 0x00000007c0000000)
  eden space 33280K, 100% used [0x000000076ab00000,0x000000076cb80000,0x000000076cb80000)
  from space 5120K, 0% used [0x000000076cb80000,0x000000076cb80000,0x000000076d080000)
  to   space 5120K, 0% used [0x000000076f100000,0x000000076f100000,0x000000076f600000)
 ParOldGen       total 56832K, used 6792K [0x00000006c0000000, 0x00000006c3780000, 0x000000076ab00000)
  object space 56832K, 11% used [0x00000006c0000000,0x00000006c06a2320,0x00000006c3780000)
 Metaspace       used 22247K, capacity 22462K, committed 22704K, reserved 1069056K
  class space    used 2601K, capacity 2663K, committed 2736K, reserved 1048576K
Event: 13.715 GC heap after
Heap after GC invocations=5 (full 1):
 PSYoungGen      total 61440K, used 5088K [0x000000076ab00000, 0x000000076f600000, 0x00000007c0000000)
  eden space 56320K, 0% used [0x000000076ab00000,0x000000076ab00000,0x000000076e200000)
  from space 5120K, 99% used [0x000000076f100000,0x000000076f5f8368,0x000000076f600000)
  to   space 5120K, 0% used [0x000000076ec00000,0x000000076ec00000,0x000000076f100000)
 ParOldGen       total 56832K, used 25764K [0x00000006c0000000, 0x00000006c3780000, 0x000000076ab00000)
  object space 56832K, 45% used [0x00000006c0000000,0x00000006c1929238,0x00000006c3780000)
 Metaspace       used 22247K, capacity 22462K, committed 22704K, reserved 1069056K
  class space    used 2601K, capacity 2663K, committed 2736K, reserved 1048576K
}
Event: 16.002 GC heap before
{Heap before GC invocations=6 (full 1):
 PSYoungGen      total 61440K, used 61408K [0x000000076ab00000, 0x000000076f600000, 0x00000007c0000000)
  eden space 56320K, 100% used [0x000000076ab00000,0x000000076e200000,0x000000076e200000)
  from space 5120K, 99% used [0x000000076f100000,0x000000076f5f8368,0x000000076f600000)
  to   space 5120K, 0% used [0x000000076ec00000,0x000000076ec00000,0x000000076f100000)
 ParOldGen       total 56832K, used 25764K [0x00000006c0000000, 0x00000006c3780000, 0x000000076ab00000)
  object space 56832K, 45% used [0x00000006c0000000,0x00000006c1929238,0x00000006c3780000)
 Metaspace       used 22333K, capacity 22462K, committed 22704K, reserved 1069056K
  class space    used 2603K, capacity 2663K, committed 2736K, reserved 1048576K
Event: 16.094 GC heap after
Heap after GC invocations=6 (full 1):
 PSYoungGen      total 71680K, used 5105K [0x000000076ab00000, 0x0000000775d00000, 0x00000007c0000000)
  eden space 66560K, 0% used [0x000000076ab00000,0x000000076ab00000,0x000000076ec00000)
  from space 5120K, 99% used [0x000000076ec00000,0x000000076f0fc528,0x000000076f100000)
  to   space 41984K, 0% used [0x0000000773400000,0x0000000773400000,0x0000000775d00000)
 ParOldGen       total 63488K, used 63348K [0x00000006c0000000, 0x00000006c3e00000, 0x000000076ab00000)
  object space 63488K, 99% used [0x00000006c0000000,0x00000006c3ddd238,0x00000006c3e00000)
 Metaspace       used 22333K, capacity 22462K, committed 22704K, reserved 1069056K
  class space    used 2603K, capacity 2663K, committed 2736K, reserved 1048576K
}
Event: 16.094 GC heap before
{Heap before GC invocations=7 (full 2):
 PSYoungGen      total 71680K, used 5105K [0x000000076ab00000, 0x0000000775d00000, 0x00000007c0000000)
  eden space 66560K, 0% used [0x000000076ab00000,0x000000076ab00000,0x000000076ec00000)
  from space 5120K, 99% used [0x000000076ec00000,0x000000076f0fc528,0x000000076f100000)
  to   space 41984K, 0% used [0x0000000773400000,0x0000000773400000,0x0000000775d00000)
 ParOldGen       total 63488K, used 63348K [0x00000006c0000000, 0x00000006c3e00000, 0x000000076ab00000)
  object space 63488K, 99% used [0x00000006c0000000,0x00000006c3ddd238,0x00000006c3e00000)
 Metaspace       used 22333K, capacity 22462K, committed 22704K, reserved 1069056K
  class space    used 2603K, capacity 2663K, committed 2736K, reserved 1048576K
Event: 16.808 GC heap after
Heap after GC invocations=7 (full 2):
 PSYoungGen      total 71680K, used 3980K [0x000000076ab00000, 0x0000000775d00000, 0x00000007c0000000)
  eden space 66560K, 0% used [0x000000076ab00000,0x000000076ab00000,0x000000076ec00000)
  from space 5120K, 77% used [0x000000076ec00000,0x000000076efe3338,0x000000076f100000)
  to   space 41984K, 0% used [0x0000000773400000,0x0000000773400000,0x0000000775d00000)
 ParOldGen       total 174592K, used 62768K [0x00000006c0000000, 0x00000006caa80000, 0x000000076ab00000)
  object space 174592K, 35% used [0x00000006c0000000,0x00000006c3d4c3d8,0x00000006caa80000)
 Metaspace       used 22333K, capacity 22462K, committed 22704K, reserved 1069056K
  class space    used 2603K, capacity 2663K, committed 2736K, reserved 1048576K
}
Event: 17.563 GC heap before
{Heap before GC invocations=8 (full 2):
 PSYoungGen      total 71680K, used 70540K [0x000000076ab00000, 0x0000000775d00000, 0x00000007c0000000)
  eden space 66560K, 100% used [0x000000076ab00000,0x000000076ec00000,0x000000076ec00000)
  from space 5120K, 77% used [0x000000076ec00000,0x000000076efe3338,0x000000076f100000)
  to   space 41984K, 0% used [0x0000000773400000,0x0000000773400000,0x0000000775d00000)
 ParOldGen       total 174592K, used 62768K [0x00000006c0000000, 0x00000006caa80000, 0x000000076ab00000)
  object space 174592K, 35% used [0x00000006c0000000,0x00000006c3d4c3d8,0x00000006caa80000)
 Metaspace       used 22566K, capacity 22820K, committed 22960K, reserved 1069056K
  class space    used 2608K, capacity 2696K, committed 2736K, reserved 1048576K
Event: 17.678 GC heap after
Heap after GC invocations=8 (full 2):
 PSYoungGen      total 130560K, used 41965K [0x000000076ab00000, 0x0000000776b80000, 0x00000007c0000000)
  eden space 88576K, 0% used [0x000000076ab00000,0x000000076ab00000,0x0000000770180000)
  from space 41984K, 99% used [0x0000000773400000,0x0000000775cfb5e8,0x0000000775d00000)
  to   space 51712K, 0% used [0x0000000770180000,0x0000000770180000,0x0000000773400000)
 ParOldGen       total 174592K, used 63598K [0x00000006c0000000, 0x00000006caa80000, 0x000000076ab00000)
  object space 174592K, 36% used [0x00000006c0000000,0x00000006c3e1b890,0x00000006caa80000)
 Metaspace       used 22566K, capacity 22820K, committed 22960K, reserved 1069056K
  class space    used 2608K, capacity 2696K, committed 2736K, reserved 1048576K
}

Deoptimization events (10 events):
Event: 7.668 Thread 0x000000000305e800 Uncommon trap: reason=unstable_if action=reinterpret pc=0x00000000038e5a54 method=java.lang.CharacterDataLatin1.digit(II)I @ 82
Event: 7.691 Thread 0x000000000305e800 Uncommon trap: reason=predicate action=maybe_recompile pc=0x0000000003804a78 method=sun.net.www.ParseUtil.encodePath(Ljava/lang/String;Z)Ljava/lang/String; @ 36
Event: 8.203 Thread 0x000000000305e800 Uncommon trap: reason=unstable_if action=reinterpret pc=0x00000000038e6c2c method=java.lang.Integer.parseInt(Ljava/lang/String;I)I @ 122
Event: 8.441 Thread 0x000000000305e800 Uncommon trap: reason=class_check action=maybe_recompile pc=0x00000000038f55c4 method=java.util.regex.Matcher.search(I)Z @ 86
Event: 9.860 Thread 0x000000000305e800 Uncommon trap: reason=bimorphic action=maybe_recompile pc=0x0000000003a1e2b4 method=java.util.HashMap.putVal(ILjava/lang/Object;Ljava/lang/Object;ZZ)Ljava/lang/Object; @ 91
Event: 9.927 Thread 0x000000000305e800 Uncommon trap: reason=unstable_if action=reinterpret pc=0x0000000003b2f3bc method=org.eclipse.persistence.internal.helper.NonSynchronizedVector.ensureCapacityHelper(I)V @ 40
Event: 9.969 Thread 0x000000000305e800 Uncommon trap: reason=unstable_if action=reinterpret pc=0x0000000003a6c110 method=org.eclipse.persistence.internal.helper.DatabaseField.getQualifiedName()Ljava/lang/String; @ 11
Event: 15.555 Thread 0x000000000305e800 Uncommon trap: reason=unreached action=reinterpret pc=0x0000000003bd0324 method=org.postgresql.core.v3.QueryExecutorImpl.processResults(Lorg/postgresql/core/ResultHandler;I)V @ 1120
Event: 15.652 Thread 0x000000000305e800 Uncommon trap: reason=unstable_if action=reinterpret pc=0x0000000003bf987c method=org.postgresql.core.UTF8Encoding.decode([BII)Ljava/lang/String; @ 59
Event: 17.068 Thread 0x000000000305e800 Uncommon trap: reason=unstable_if action=reinterpret pc=0x0000000003c13e88 method=org.postgresql.jdbc.PgResultSet.next()Z @ 47

Classes redefined (0 events):
No events

Internal exceptions (8 events):
Event: 0.418 Thread 0x000000000305e800 Exception <a 'java/lang/NoSuchMethodError': Method sun.misc.Unsafe.defineClass(Ljava/lang/String;[BII)Ljava/lang/Class; name or signature does not match> (0x000000076ab07cb8) thrown at [C:\re\workspace\8-2-build-windows-amd64-cygwin\jdk8u221\13320\hotspot
Event: 0.418 Thread 0x000000000305e800 Exception <a 'java/lang/NoSuchMethodError': Method sun.misc.Unsafe.prefetchRead(Ljava/lang/Object;J)V name or signature does not match> (0x000000076ab07fa0) thrown at [C:\re\workspace\8-2-build-windows-amd64-cygwin\jdk8u221\13320\hotspot\src\share\vm\prim
Event: 0.836 Thread 0x000000000305e800 Exception <a 'java/security/PrivilegedActionException'> (0x000000076ac106f0) thrown at [C:\re\workspace\8-2-build-windows-amd64-cygwin\jdk8u221\13320\hotspot\src\share\vm\prims\jvm.cpp, line 1502]
Event: 0.836 Thread 0x000000000305e800 Exception <a 'java/security/PrivilegedActionException'> (0x000000076ac10900) thrown at [C:\re\workspace\8-2-build-windows-amd64-cygwin\jdk8u221\13320\hotspot\src\share\vm\prims\jvm.cpp, line 1502]
Event: 0.840 Thread 0x000000000305e800 Exception <a 'java/security/PrivilegedActionException'> (0x000000076ac14810) thrown at [C:\re\workspace\8-2-build-windows-amd64-cygwin\jdk8u221\13320\hotspot\src\share\vm\prims\jvm.cpp, line 1502]
Event: 0.840 Thread 0x000000000305e800 Exception <a 'java/security/PrivilegedActionException'> (0x000000076ac14a20) thrown at [C:\re\workspace\8-2-build-windows-amd64-cygwin\jdk8u221\13320\hotspot\src\share\vm\prims\jvm.cpp, line 1502]
Event: 7.212 Thread 0x000000000305e800 Exception <a 'java/lang/NoSuchFieldError': method resolution failed> (0x000000076c04bb88) thrown at [C:\re\workspace\8-2-build-windows-amd64-cygwin\jdk8u221\13320\hotspot\src\share\vm\prims\methodHandles.cpp, line 1167]
Event: 7.216 Thread 0x000000000305e800 Exception <a 'java/lang/NoSuchFieldError': method resolution failed> (0x000000076c059278) thrown at [C:\re\workspace\8-2-build-windows-amd64-cygwin\jdk8u221\13320\hotspot\src\share\vm\prims\methodHandles.cpp, line 1167]

Events (10 events):
Event: 17.101 loading class java/util/concurrent/ConcurrentHashMap$ValueIterator
Event: 17.101 loading class java/util/concurrent/ConcurrentHashMap$BaseIterator
Event: 17.101 loading class java/util/concurrent/ConcurrentHashMap$Traverser
Event: 17.102 loading class java/util/concurrent/ConcurrentHashMap$Traverser done
Event: 17.102 loading class java/util/concurrent/ConcurrentHashMap$BaseIterator done
Event: 17.102 loading class java/util/concurrent/ConcurrentHashMap$ValueIterator done
Event: 17.150 loading class org/eclipse/persistence/internal/queries/JoinedAttributeManager
Event: 17.150 loading class org/eclipse/persistence/internal/queries/JoinedAttributeManager done
Event: 17.562 Executing VM operation: ParallelGCFailedAllocation
Event: 17.678 Executing VM operation: ParallelGCFailedAllocation done


Dynamic libraries:
0x00007ff696ff0000 - 0x00007ff697027000 	C:\Program Files\Java\jdk1.8.0_221\bin\java.exe
0x00007ff806f40000 - 0x00007ff807130000 	C:\WINDOWS\SYSTEM32\ntdll.dll
0x00007ff806c90000 - 0x00007ff806d42000 	C:\WINDOWS\System32\KERNEL32.DLL
0x00007ff804820000 - 0x00007ff804ac3000 	C:\WINDOWS\System32\KERNELBASE.dll
0x00007ff8069c0000 - 0x00007ff806a63000 	C:\WINDOWS\System32\ADVAPI32.dll
0x00007ff806e60000 - 0x00007ff806efe000 	C:\WINDOWS\System32\msvcrt.dll
0x00007ff804ff0000 - 0x00007ff805087000 	C:\WINDOWS\System32\sechost.dll
0x00007ff805140000 - 0x00007ff805260000 	C:\WINDOWS\System32\RPCRT4.dll
0x00007ff806ae0000 - 0x00007ff806c74000 	C:\WINDOWS\System32\USER32.dll
0x00007ff803ed0000 - 0x00007ff803ef1000 	C:\WINDOWS\System32\win32u.dll
0x00007ff806db0000 - 0x00007ff806dd6000 	C:\WINDOWS\System32\GDI32.dll
0x00007ff804d20000 - 0x00007ff804eb4000 	C:\WINDOWS\System32\gdi32full.dll
0x00007ff803f00000 - 0x00007ff803f9e000 	C:\WINDOWS\System32\msvcp_win.dll
0x00007ff804ad0000 - 0x00007ff804bca000 	C:\WINDOWS\System32\ucrtbase.dll
0x00007ffff51d0000 - 0x00007ffff5455000 	C:\WINDOWS\WinSxS\amd64_microsoft.windows.common-controls_6595b64144ccf1df_6.0.18362.476_none_e6c4b11b130f2595\COMCTL32.dll
0x00007ff8064e0000 - 0x00007ff806816000 	C:\WINDOWS\System32\combase.dll
0x00007ff804f70000 - 0x00007ff804ff0000 	C:\WINDOWS\System32\bcryptPrimitives.dll
0x00007ff806450000 - 0x00007ff80647e000 	C:\WINDOWS\System32\IMM32.DLL
0x00000000568f0000 - 0x00000000569c2000 	C:\Program Files\Java\jdk1.8.0_221\jre\bin\msvcr100.dll
0x0000000056040000 - 0x00000000568e5000 	C:\Program Files\Java\jdk1.8.0_221\jre\bin\server\jvm.dll
0x00007ff806c80000 - 0x00007ff806c88000 	C:\WINDOWS\System32\PSAPI.DLL
0x00007ff802960000 - 0x00007ff802969000 	C:\WINDOWS\SYSTEM32\WSOCK32.dll
0x00007ff806a70000 - 0x00007ff806adf000 	C:\WINDOWS\System32\WS2_32.dll
0x00007fffff8c0000 - 0x00007fffff8e4000 	C:\WINDOWS\SYSTEM32\WINMM.dll
0x00007ffff7520000 - 0x00007ffff752a000 	C:\WINDOWS\SYSTEM32\VERSION.dll
0x00007fffff890000 - 0x00007fffff8bd000 	C:\WINDOWS\SYSTEM32\WINMMBASE.dll
0x00007ff804050000 - 0x00007ff80409a000 	C:\WINDOWS\System32\cfgmgr32.dll
0x00007ff800930000 - 0x00007ff80093f000 	C:\Program Files\Java\jdk1.8.0_221\jre\bin\verify.dll
0x00007ffff0f30000 - 0x00007ffff0f59000 	C:\Program Files\Java\jdk1.8.0_221\jre\bin\java.dll
0x00007fffff650000 - 0x00007fffff666000 	C:\Program Files\Java\jdk1.8.0_221\jre\bin\zip.dll
0x00007ff805260000 - 0x00007ff805945000 	C:\WINDOWS\System32\SHELL32.dll
0x00007ff805090000 - 0x00007ff805139000 	C:\WINDOWS\System32\shcore.dll
0x00007ff8040a0000 - 0x00007ff80481e000 	C:\WINDOWS\System32\windows.storage.dll
0x00007ff803e70000 - 0x00007ff803e8f000 	C:\WINDOWS\System32\profapi.dll
0x00007ff803e20000 - 0x00007ff803e6a000 	C:\WINDOWS\System32\powrprof.dll
0x00007ff803e10000 - 0x00007ff803e20000 	C:\WINDOWS\System32\UMPDC.dll
0x00007ff806820000 - 0x00007ff806872000 	C:\WINDOWS\System32\shlwapi.dll
0x00007ff803eb0000 - 0x00007ff803ec1000 	C:\WINDOWS\System32\kernel.appcore.dll
0x00007ff804ef0000 - 0x00007ff804f07000 	C:\WINDOWS\System32\cryptsp.dll
0x00007fffd90b0000 - 0x00007fffd90d4000 	C:\Program Files\Java\jdk1.8.0_221\jre\bin\sunec.dll
0x00007fffe6ea0000 - 0x00007fffe6eba000 	C:\Program Files\Java\jdk1.8.0_221\jre\bin\net.dll
0x00007ffff71f0000 - 0x00007ffff73c6000 	C:\WINDOWS\SYSTEM32\urlmon.dll
0x00007ffff78d0000 - 0x00007ffff7b76000 	C:\WINDOWS\SYSTEM32\iertutil.dll
0x00007ff803820000 - 0x00007ff80382c000 	C:\WINDOWS\SYSTEM32\CRYPTBASE.DLL
0x00007ff803650000 - 0x00007ff8036b7000 	C:\WINDOWS\system32\mswsock.dll
0x00007ff803360000 - 0x00007ff80339a000 	C:\WINDOWS\SYSTEM32\IPHLPAPI.DLL
0x00007ff805db0000 - 0x00007ff805db8000 	C:\WINDOWS\System32\NSI.dll
0x00007ffff5c20000 - 0x00007ffff5c36000 	C:\WINDOWS\SYSTEM32\dhcpcsvc6.DLL
0x00007ffff5f80000 - 0x00007ffff5f9c000 	C:\WINDOWS\SYSTEM32\dhcpcsvc.DLL
0x00007ff8033a0000 - 0x00007ff80346a000 	C:\WINDOWS\SYSTEM32\DNSAPI.dll
0x00007fffe6e80000 - 0x00007fffe6e92000 	C:\Program Files\Java\jdk1.8.0_221\jre\bin\nio.dll
0x00007ffff1060000 - 0x00007ffff106a000 	C:\Windows\System32\rasadhlp.dll
0x00007ffff5750000 - 0x00007ffff57c7000 	C:\WINDOWS\System32\fwpuclnt.dll
0x00007ff804ec0000 - 0x00007ff804ee6000 	C:\WINDOWS\System32\bcrypt.dll

VM Arguments:
jvm_args: -Xmx4G 
java_command: nl.digkas.sonarqube.issues.Main
java_class_path (initial): D:\PhD Groningen\sonarqube-issues1\target\classes;C:\Users\1\.m2\repository\org\eclipse\persistence\eclipselink\2.6.5\eclipselink-2.6.5.jar;C:\Users\1\.m2\repository\org\eclipse\persistence\javax.persistence\2.1.1\javax.persistence-2.1.1.jar;C:\Users\1\.m2\repository\org\eclipse\persistence\commonj.sdo\2.1.1\commonj.sdo-2.1.1.jar;C:\Users\1\.m2\repository\javax\validation\validation-api\1.1.0.Final\validation-api-1.1.0.Final.jar;C:\Users\1\.m2\repository\org\glassfish\javax.json\1.0.4\javax.json-1.0.4.jar;C:\Users\1\.m2\repository\org\postgresql\postgresql\42.2.5\postgresql-42.2.5.jar
Launcher Type: SUN_STANDARD

Environment Variables:
JAVA_HOME=C:\Program Files\Java\jdk1.8.0_221
CLASSPATH=C:\Program Files (x86)\Java\jdk1.8.0_191\lib;C:\Program Files (x86)\Java\jdk1.8.0_191\lib
PATH=C:\Program Files (x86)\Java\jdk1.8.0_191\jre\bin;D:\Git\bin;C:\WINDOWS\system32;C:\WINDOWS;C:\WINDOWS\System32\Wbem;C:\WINDOWS\System32\WindowsPowerShell\v1.0\;C:\WINDOWS\System32\OpenSSH\;C:\Users\1\AppData\Local\Programs\Python\Python36\Scripts\pylint;D:\sonarqube\sonar-scanner-3.2.0.1227-windows\bin;D:\sonarqube\projects\cloc-1.82.exe;C:\Program Files\Intel\WiFi\bin\;C:\Program Files\Common Files\Intel\WirelessCommon\;C:\Program Files\Java\jdk1.8.0_221;C:\Program Files\Java\jdk1.8.0_221\bin;C:\Program Files\Java\jdk1.8.0_221\jre\bin;D:\texlive\2018\bin\win32;C:\Users\1\AppData\Local\Programs\Python\Python36\Scripts\;C:\Users\1\AppData\Local\Programs\Python\Python36\;C:\Users\1\AppData\Local\Microsoft\WindowsApps;C:\Users\1\AppData\Local\GitHubDesktop\bin;C:\Users\1\AppData\Local\Microsoft\WindowsApps;C:\Users\1\AppData\Local\Programs\Python\Python36\Scripts\pylint;C:\windows\system32;
USERNAME=1
OS=Windows_NT
PROCESSOR_IDENTIFIER=Intel64 Family 6 Model 61 Stepping 4, GenuineIntel



---------------  S Y S T E M  ---------------

OS: Windows 10.0 , 64 bit Build 18362 (10.0.18362.329)

CPU:total 4 (initial active 4) (2 cores per cpu, 2 threads per core) family 6 model 61 stepping 4, cmov, cx8, fxsr, mmx, sse, sse2, sse3, ssse3, sse4.1, sse4.2, popcnt, avx, avx2, aes, clmul, erms, 3dnowpref, lzcnt, ht, tsc, tscinvbit, bmi1, bmi2, adx

Memory: 4k page, physical 8266860k(887400k free), swap 24007468k(5400k free)

vm_info: Java HotSpot(TM) 64-Bit Server VM (25.221-b11) for windows-amd64 JRE (1.8.0_221-b11), built on Jul  4 2019 04:39:29 by "java_re" with MS VC++ 10.0 (VS2010)

time: Mon Dec 09 16:22:08 2019
timezone: 西欧标准时间
elapsed time: 17 seconds (0d 0h 0m 17s)

